#
# There is insufficient memory for the Java Runtime Environment to continue.
# Native memory allocation (mmap) failed to map 54525952 bytes for G1 virtual space
# Possible reasons:
#   The system is out of physical RAM or swap space
#   The process is running with CompressedOops enabled, and the Java Heap may be blocking the growth of the native heap
# Possible solutions:
#   Reduce memory load on the system
#   Increase physical memory or swap space
#   Check if swap backing store is full
#   Decrease Java heap size (-Xmx/-Xms)
#   Decrease number of Java threads
#   Decrease Java thread stack sizes (-Xss)
#   Set larger code cache with -XX:ReservedCodeCacheSize=
#   JVM is running with Unscaled Compressed Oops mode in which the Java heap is
#     placed in the first 4GB address space. The Java Heap base address is the
#     maximum limit for the native heap growth. Please use -XX:HeapBaseMinAddress
#     to set the Java Heap base and to place the Java Heap above 4GB virtual address.
# This output file may be truncated or incomplete.
#
#  Out of Memory Error (os_windows.cpp:3550), pid=32240, tid=22596
#
# JRE version: Java(TM) SE Runtime Environment (17.0.8+9) (build 17.0.8+9-LTS-211)
# Java VM: Java HotSpot(TM) 64-Bit Server VM (17.0.8+9-LTS-211, mixed mode, emulated-client, sharing, tiered, compressed oops, compressed class ptrs, g1 gc, windows-amd64)
# No core dump will be written. Minidumps are not enabled by default on client versions of Windows
#

---------------  S U M M A R Y ------------

Command Line: -XX:TieredStopAtLevel=1 -Dspring.output.ansi.enabled=always -Dcom.sun.management.jmxremote -Dspring.jmx.enabled=true -Dspring.liveBeansView.mbeanDomain -Dspring.application.admin.enabled=true -Dmanagement.endpoints.jmx.exposure.include=* -javaagent:C:\Program Files\JetBrains\IntelliJ IDEA 2023.3.3\lib\idea_rt.jar=51946:C:\Program Files\JetBrains\IntelliJ IDEA 2023.3.3\bin -Dfile.encoding=UTF-8 org.dolymy.gateway.GatewayApplication

Host: Intel(R) Core(TM) i7-8550U CPU @ 1.80GHz, 8 cores, 7G,  Windows 10 , 64 bit Build 19041 (10.0.19041.1889)
Time: Mon May  6 16:39:09 2024 Paris, Madrid (heure duild 19041 (10.0.19041.1889) elapsed time: 3.566564 seconds (0d 0h 0m 3s)

---------------  T H R E A D  ---------------

Current thread (0x00000218aaca84a0):  VMThread "VM Thread" [stack: 0x0000002d6c400000,0x0000002d6c500000] [id=22596]

Stack: [0x0000002d6c400000,0x0000002d6c500000]
Native frames: (J=compiled Java code, j=interpreted, Vv=VM code, C=native code)
V  [jvm.dll+0x677d0a]
V  [jvm.dll+0x7d8c54]
V  [jvm.dll+0x7da3fe]
V  [jvm.dll+0x7daa63]
V  [jvm.dll+0x245c5f]
V  [jvm.dll+0x674bb9]
V  [jvm.dll+0x6694f2]
V  [jvm.dll+0x3031d6]
V  [jvm.dll+0x30a756]
V  [jvm.dll+0x359f9e]
V  [jvm.dll+0x35a1cf]
V  [jvm.dll+0x2da3e8]
V  [jvm.dll+0x2d87f5]
V  [jvm.dll+0x2d7dfc]
V  [jvm.dll+0x31b4cb]
V  [jvm.dll+0x7df26b]
V  [jvm.dll+0x7dffa4]
V  [jvm.dll+0x7e04bd]
V  [jvm.dll+0x7e0894]
V  [jvm.dll+0x7e0960]
V  [jvm.dll+0x788bba]
V  [jvm.dll+0x676b35]
C  [ucrtbase.dll+0x21bb2]
C  [KERNEL32.DLL+0x17034]
C  [ntdll.dll+0x526a1]

VM_Operation (0x0000002d6befc950): G1CollectForAllocation, mode: safepoint, requested by thread 0x0000021896dacdc0


---------------  P R O C E S S  ---------------

Threads class SMR info:
_java_thread_list=0x00000218f1834bb0, length=18, elements={
0x0000021896dacdc0, 0x00000218aacacfb0, 0x00000218aacade20, 0x00000218aacbfbc0,
0x00000218aacc2940, 0x00000218aacc4300, 0x00000218aacc4cb0, 0x00000218aacc8b60,
0x00000218aacd1560, 0x00000218aac98990, 0x00000218f0163810, 0x00000218f06caac0,
0x00000218f06d0f10, 0x00000218f0804550, 0x00000218f080f690, 0x00000218f10cddf0,
0x00000218f10bfbd0, 0x00000218f122e2e0
}

Java Threads: ( => current thread )
  0x0000021896dacdc0 JavaThread "main" [_thread_blocked, id=32788, stack(0x0000002d6be00000,0x0000002d6bf00000)]
  0x00000218aacacfb0 JavaThread "Reference Handler" daemon [_thread_blocked, id=35712, stack(0x0000002d6c500000,0x0000002d6c600000)]
  0x00000218aacade20 JavaThread "Finalizer" daemon [_thread_blocked, id=14264, stack(0x0000002d6c600000,0x0000002d6c700000)]
  0x00000218aacbfbc0 JavaThread "Signal Dispatcher" daemon [_thread_blocked, id=35620, stack(0x0000002d6c700000,0x0000002d6c800000)]
  0x00000218aacc2940 JavaThread "Attach Listener" daemon [_thread_blocked, id=35520, stack(0x0000002d6c800000,0x0000002d6c900000)]
  0x00000218aacc4300 JavaThread "Service Thread" daemon [_thread_blocked, id=35044, stack(0x0000002d6c900000,0x0000002d6ca00000)]
  0x00000218aacc4cb0 JavaThread "Monitor Deflation Thread" daemon [_thread_blocked, id=14148, stack(0x0000002d6ca00000,0x0000002d6cb00000)]
  0x00000218aacc8b60 JavaThread "C1 CompilerThread0" daemon [_thread_blocked, id=35836, stack(0x0000002d6cb00000,0x0000002d6cc00000)]
  0x00000218aacd1560 JavaThread "Sweeper thread" daemon [_thread_blocked, id=23376, stack(0x0000002d6cc00000,0x0000002d6cd00000)]
  0x00000218aac98990 JavaThread "Common-Cleaner" daemon [_thread_blocked, id=33708, stack(0x0000002d6cd00000,0x0000002d6ce00000)]
  0x00000218f0163810 JavaThread "C1 CompilerThread1" daemon [_thread_blocked, id=33492, stack(0x0000002d6ce00000,0x0000002d6cf00000)]
  0x00000218f06caac0 JavaThread "Monitor Ctrl-Break" daemon [_thread_in_native, id=34972, stack(0x0000002d6cf00000,0x0000002d6d000000)]
  0x00000218f06d0f10 JavaThread "Notification Thread" daemon [_thread_blocked, id=33868, stack(0x0000002d6d000000,0x0000002d6d100000)]
  0x00000218f0804550 JavaThread "C1 CompilerThread2" daemon [_thread_blocked, id=35596, stack(0x0000002d6d100000,0x0000002d6d200000)]
  0x00000218f080f690 JavaThread "RMI TCP Accept-0" daemon [_thread_in_native, id=35040, stack(0x0000002d6d200000,0x0000002d6d300000)]
  0x00000218f10cddf0 JavaThread "RMI TCP Connection(1)-172.23.144.1" daemon [_thread_in_native, id=6452, stack(0x0000002d6db00000,0x0000002d6dc00000)]
  0x00000218f10bfbd0 JavaThread "RMI Scheduler(0)" daemon [_thread_blocked, id=35488, stack(0x0000002d6dc00000,0x0000002d6dd00000)]
  0x00000218f122e2e0 JavaThread "Keep-Alive-Timer" daemon [_thread_blocked, id=35316, stack(0x0000002d6df00000,0x0000002d6e000000)]

Other Threads:
=>0x00000218aaca84a0 VMThread "VM Thread" [stack: 0x0000002d6c400000,0x0000002d6c500000] [id=22596]
  0x0000021896e1c0e0 WatcherThread [stack: 0x0000002d6d300000,0x0000002d6d400000] [id=6032]
  0x0000021896e060e0 GCTaskThread "GC Thread#0" [stack: 0x0000002d6bf00000,0x0000002d6c000000] [id=34632]
  0x00000218f0b6d040 GCTaskThread "GC Thread#1" [stack: 0x0000002d6d400000,0x0000002d6d500000] [id=11552]
  0x00000218f0b6d2f0 GCTaskThread "GC Thread#2" [stack: 0x0000002d6d500000,0x0000002d6d600000] [id=19520]
  0x00000218f0f863e0 GCTaskThread "GC Thread#3" [stack: 0x0000002d6d600000,0x0000002d6d700000] [id=7656]
  0x00000218f0f86690 GCTaskThread "GC Thread#4" [stack: 0x0000002d6d700000,0x0000002d6d800000] [id=22180]
  0x00000218f0f86940 GCTaskThread "GC Thread#5" [stack: 0x0000002d6d800000,0x0000002d6d900000] [id=17948]
  0x00000218f0f87c10 GCTaskThread "GC Thread#6" [stack: 0x0000002d6d900000,0x0000002d6da00000] [id=32308]
  0x00000218f11051d0 GCTaskThread "GC Thread#7" [stack: 0x0000002d6dd00000,0x0000002d6de00000] [id=19820]
  0x0000021896d3ded0 ConcurrentGCThread "G1 Main Marker" [stack: 0x0000002d6c000000,0x0000002d6c100000] [id=33056]
  0x0000021896d3e8e0 ConcurrentGCThread "G1 Conc#0" [stack: 0x0000002d6c100000,0x0000002d6c200000] [id=14244]
  0x00000218f158f430 ConcurrentGCThread "G1 Conc#1" [stack: 0x0000002d6e100000,0x0000002d6e200000] [id=6876]
  0x00000218aab620c0 ConcurrentGCThread "G1 Refine#0" [stack: 0x0000002d6c200000,0x0000002d6c300000] [id=33484]
  0x00000218f0f51970 ConcurrentGCThread "G1 Refine#1" [stack: 0x0000002d6da00000,0x0000002d6db00000] [id=34720]
  0x00000218aab62ae0 ConcurrentGCThread "G1 Service" [stack: 0x0000002d6c300000,0x0000002d6c400000] [id=24832]

Threads with active compile tasks:

VM state: at safepoint (normal execution)

VM Mutex/Monitor currently owned by a thread:  ([mutex/lock_event])
[0x0000021896da76d0] Threads_lock - owner thread: 0x00000218aaca84a0
[0x0000021896da6f80] Heap_lock - owner thread: 0x0000021896dacdc0

Heap address: 0x0000000081c00000, size: 2020 MB, Compressed Oops mode: 32-bit

CDS archive(s) mapped at: [0x00000218ab000000-0x00000218abbd0000-0x00000218abbd0000), size 12386304, SharedBaseAddress: 0x00000218ab000000, ArchiveRelocationMode: 1.
Compressed class space mapped at: 0x00000218ac000000-0x00000218ec000000, reserved size: 1073741824
Narrow klass base: 0x00000218ab000000, Narrow klass shift: 0, Narrow klass range: 0x100000000

GC Precious Log:
 CPUs: 8 total, 8 available
 Memory: 8074M
 Large Page Support: Disabled
 NUMA Support: Disabled
 Compressed Oops: Enabled (32-bit)
 Heap Region Size: 1M
 Heap Min Capacity: 8M
 Heap Initial Capacity: 128M
 Heap Max Capacity: 2020M
 Pre-touch: Disabled
 Parallel Workers: 8
 Concurrent Workers: 2
 Concurrent Refinement Workers: 8
 Periodic GC: Disabled

Heap:
 garbage-first heap   total 55296K, used 18848K [0x0000000081c00000, 0x0000000100000000)
  region size 1024K, 2 young (2048K), 2 survivors (2048K)
 Metaspace       used 25255K, committed 25600K, reserved 1114112K
  class space    used 3478K, committed 3648K, reserved 1048576K

Heap Regions: E=young(eden), S=young(survivor), O=old, HS=humongous(starts), HC=humongous(continues), CS=collection set, F=free, OA=open archive, CA=closed archive, TAMS=top-at-mark-start (previous, next)
|   0|0x0000000081c00000, 0x0000000081d00000, 0x0000000081d00000|100%|HS|  |TAMS 0x0000000081d00000, 0x0000000081c00000| Complete 
|   1|0x0000000081d00000, 0x0000000081e00000, 0x0000000081e00000|100%| O|  |TAMS 0x0000000081e00000, 0x0000000081d00000| Untracked 
|   2|0x0000000081e00000, 0x0000000081f00000, 0x0000000081f00000|100%|HS|  |TAMS 0x0000000081f00000, 0x0000000081e00000| Complete 
|   3|0x0000000081f00000, 0x0000000082000000, 0x0000000082000000|100%| O|  |TAMS 0x0000000082000000, 0x0000000081f00000| Untracked 
|   4|0x0000000082000000, 0x0000000082100000, 0x0000000082100000|100%| O|  |TAMS 0x0000000082100000, 0x0000000082000000| Untracked 
|   5|0x0000000082100000, 0x0000000082200000, 0x0000000082200000|100%| O|  |TAMS 0x0000000082200000, 0x0000000082100000| Untracked 
|   6|0x0000000082200000, 0x0000000082300000, 0x0000000082300000|100%| O|  |TAMS 0x0000000082300000, 0x0000000082200000| Untracked 
|   7|0x0000000082300000, 0x0000000082400000, 0x0000000082400000|100%| O|  |TAMS 0x0000000082400000, 0x0000000082300000| Untracked 
|   8|0x0000000082400000, 0x0000000082500000, 0x0000000082500000|100%| O|  |TAMS 0x0000000082500000, 0x0000000082400000| Untracked 
|   9|0x0000000082500000, 0x0000000082500000, 0x0000000082600000|  0%| F|  |TAMS 0x0000000082500000, 0x0000000082500000| Untracked 
|  10|0x0000000082600000, 0x0000000082700000, 0x0000000082700000|100%| O|  |TAMS 0x0000000082600000, 0x0000000082600000| Untracked 
|  11|0x0000000082700000, 0x0000000082800000, 0x0000000082800000|100%| O|  |TAMS 0x0000000082700000, 0x0000000082700000| Untracked 
|  12|0x0000000082800000, 0x0000000082900000, 0x0000000082900000|100%| O|  |TAMS 0x0000000082800000, 0x0000000082800000| Untracked 
|  13|0x0000000082900000, 0x0000000082a00000, 0x0000000082a00000|100%| O|  |TAMS 0x0000000082900000, 0x0000000082900000| Untracked 
|  14|0x0000000082a00000, 0x0000000082b00000, 0x0000000082b00000|100%| O|  |TAMS 0x0000000082a00000, 0x0000000082a00000| Untracked 
|  15|0x0000000082b00000, 0x0000000082c00000, 0x0000000082c00000|100%| O|  |TAMS 0x0000000082b00000, 0x0000000082b00000| Untracked 
|  16|0x0000000082c00000, 0x0000000082d00000, 0x0000000082d00000|100%| O|  |TAMS 0x0000000082c00000, 0x0000000082c00000| Untracked 
|  17|0x0000000082d00000, 0x0000000082de6000, 0x0000000082e00000| 89%| O|  |TAMS 0x0000000082d00000, 0x0000000082d00000| Untracked 
|  18|0x0000000082e00000, 0x0000000082e00000, 0x0000000082f00000|  0%| F|  |TAMS 0x0000000082e00000, 0x0000000082e00000| Untracked 
|  19|0x0000000082f00000, 0x0000000082f00000, 0x0000000083000000|  0%| F|  |TAMS 0x0000000082f00000, 0x0000000082f00000| Untracked 
|  20|0x0000000083000000, 0x0000000083000000, 0x0000000083100000|  0%| F|  |TAMS 0x0000000083000000, 0x0000000083000000| Untracked 
|  21|0x0000000083100000, 0x0000000083100000, 0x0000000083200000|  0%| F|  |TAMS 0x0000000083100000, 0x0000000083100000| Untracked 
|  22|0x0000000083200000, 0x0000000083200000, 0x0000000083300000|  0%| F|  |TAMS 0x0000000083200000, 0x0000000083200000| Untracked 
|  23|0x0000000083300000, 0x0000000083300000, 0x0000000083400000|  0%| F|  |TAMS 0x0000000083300000, 0x0000000083300000| Untracked 
|  24|0x0000000083400000, 0x0000000083400000, 0x0000000083500000|  0%| F|  |TAMS 0x0000000083400000, 0x0000000083400000| Untracked 
|  25|0x0000000083500000, 0x0000000083500000, 0x0000000083600000|  0%| F|  |TAMS 0x0000000083500000, 0x0000000083500000| Untracked 
|  26|0x0000000083600000, 0x0000000083600000, 0x0000000083700000|  0%| F|  |TAMS 0x0000000083600000, 0x0000000083600000| Untracked 
|  27|0x0000000083700000, 0x0000000083700000, 0x0000000083800000|  0%| F|  |TAMS 0x0000000083700000, 0x0000000083700000| Untracked 
|  28|0x0000000083800000, 0x0000000083800000, 0x0000000083900000|  0%| F|  |TAMS 0x0000000083800000, 0x0000000083800000| Untracked 
|  29|0x0000000083900000, 0x0000000083900000, 0x0000000083a00000|  0%| F|  |TAMS 0x0000000083900000, 0x0000000083900000| Untracked 
|  30|0x0000000083a00000, 0x0000000083a00000, 0x0000000083b00000|  0%| F|  |TAMS 0x0000000083a00000, 0x0000000083a00000| Untracked 
|  31|0x0000000083b00000, 0x0000000083b82020, 0x0000000083c00000| 50%| S|CS|TAMS 0x0000000083b00000, 0x0000000083b00000| Complete 
|  32|0x0000000083c00000, 0x0000000083d00000, 0x0000000083d00000|100%| S|CS|TAMS 0x0000000083c00000, 0x0000000083c00000| Complete 
|  33|0x0000000083d00000, 0x0000000083d00000, 0x0000000083e00000|  0%| F|  |TAMS 0x0000000083d00000, 0x0000000083d00000| Untracked 
|  34|0x0000000083e00000, 0x0000000083e00000, 0x0000000083f00000|  0%| F|  |TAMS 0x0000000083e00000, 0x0000000083e00000| Untracked 
|  35|0x0000000083f00000, 0x0000000083f00000, 0x0000000084000000|  0%| F|  |TAMS 0x0000000083f00000, 0x0000000083f00000| Untracked 
|  36|0x0000000084000000, 0x0000000084000000, 0x0000000084100000|  0%| F|  |TAMS 0x0000000084000000, 0x0000000084000000| Untracked 
|  37|0x0000000084100000, 0x0000000084100000, 0x0000000084200000|  0%| F|  |TAMS 0x0000000084100000, 0x0000000084100000| Untracked 
|  38|0x0000000084200000, 0x0000000084200000, 0x0000000084300000|  0%| F|  |TAMS 0x0000000084200000, 0x0000000084200000| Untracked 
|  39|0x0000000084300000, 0x0000000084300000, 0x0000000084400000|  0%| F|  |TAMS 0x0000000084300000, 0x0000000084300000| Untracked 
|  40|0x0000000084400000, 0x0000000084400000, 0x0000000084500000|  0%| F|  |TAMS 0x0000000084400000, 0x0000000084400000| Untracked 
|  41|0x0000000084500000, 0x0000000084500000, 0x0000000084600000|  0%| F|  |TAMS 0x0000000084500000, 0x0000000084500000| Untracked 
|  42|0x0000000084600000, 0x0000000084600000, 0x0000000084700000|  0%| F|  |TAMS 0x0000000084600000, 0x0000000084600000| Untracked 
|  43|0x0000000084700000, 0x0000000084700000, 0x0000000084800000|  0%| F|  |TAMS 0x0000000084700000, 0x0000000084700000| Untracked 
|  44|0x0000000084800000, 0x0000000084800000, 0x0000000084900000|  0%| F|  |TAMS 0x0000000084800000, 0x0000000084800000| Untracked 
|  45|0x0000000084900000, 0x0000000084900000, 0x0000000084a00000|  0%| F|  |TAMS 0x0000000084900000, 0x0000000084900000| Untracked 
|  46|0x0000000084a00000, 0x0000000084a00000, 0x0000000084b00000|  0%| F|  |TAMS 0x0000000084a00000, 0x0000000084a00000| Untracked 
|  47|0x0000000084b00000, 0x0000000084b00000, 0x0000000084c00000|  0%| F|  |TAMS 0x0000000084b00000, 0x0000000084b00000| Untracked 
| 119|0x0000000089300000, 0x0000000089300000, 0x0000000089400000|  0%| F|  |TAMS 0x0000000089300000, 0x0000000089300000| Untracked 
| 120|0x0000000089400000, 0x0000000089400000, 0x0000000089500000|  0%| F|  |TAMS 0x0000000089400000, 0x0000000089400000| Untracked 
| 121|0x0000000089500000, 0x0000000089500000, 0x0000000089600000|  0%| F|  |TAMS 0x0000000089500000, 0x0000000089500000| Untracked 
| 122|0x0000000089600000, 0x0000000089600000, 0x0000000089700000|  0%| F|  |TAMS 0x0000000089600000, 0x0000000089600000| Untracked 
| 123|0x0000000089700000, 0x0000000089700000, 0x0000000089800000|  0%| F|  |TAMS 0x0000000089700000, 0x0000000089700000| Untracked 
| 127|0x0000000089b00000, 0x0000000089b00000, 0x0000000089c00000|  0%| F|  |TAMS 0x0000000089b00000, 0x0000000089b00000| Untracked 

Card table byte_map: [0x00000218a3b00000,0x00000218a3f00000] _byte_map_base: 0x00000218a36f2000

Marking Bits (Prev, Next): (CMBitMap*) 0x0000021896e06730, (CMBitMap*) 0x0000021896e066f0
 Prev Bits: [0x00000218a6290000, 0x00000218a8220000)
 Next Bits: [0x00000218a4300000, 0x00000218a6290000)

Polling page: 0x0000021896e70000

Metaspace:

Usage:
  Non-class:     21.27 MB used.
      Class:      3.40 MB used.
       Both:     24.66 MB used.

Virtual space:
  Non-class space:       64.00 MB reserved,      21.44 MB ( 33%) committed,  1 nodes.
      Class space:        1.00 GB reserved,       3.56 MB ( <1%) committed,  1 nodes.
             Both:        1.06 GB reserved,      25.00 MB (  2%) committed. 

Chunk freelists:
   Non-Class:  9.70 MB
       Class:  12.34 MB
        Both:  22.05 MB

MaxMetaspaceSize: unlimited
CompressedClassSpaceSize: 1.00 GB
Initial GC threshold: 21.00 MB
Current GC threshold: 35.31 MB
CDS: on
MetaspaceReclaimPolicy: balanced
 - commit_granule_bytes: 65536.
 - commit_granule_words: 8192.
 - virtual_space_node_default_size: 8388608.
 - enlarge_chunks_in_place: 1.
 - new_chunks_are_fully_committed: 0.
 - uncommit_free_chunks: 1.
 - use_allocation_guard: 0.
 - handle_deallocations: 1.


Internal statistics:

num_allocs_failed_limit: 3.
num_arena_births: 378.
num_arena_deaths: 0.
num_vsnodes_births: 2.
num_vsnodes_deaths: 0.
num_space_committed: 400.
num_space_uncommitted: 0.
num_chunks_returned_to_freelist: 3.
num_chunks_taken_from_freelist: 1242.
num_chunk_merges: 3.
num_chunk_splits: 832.
num_chunks_enlarged: 618.
num_purges: 0.
num_inconsistent_stats: 0.

CodeCache: size=49152Kb used=7448Kb max_used=7448Kb free=41703Kb
 bounds [0x000002189fe10000, 0x00000218a0560000, 0x00000218a2e10000]
 total_blobs=3829 nmethods=3310 adapters=444
 compilation: enabled
              stopped_count=0, restarted_count=0
 full_count=0

Compilation events (20 events):
Event: 3.535 Thread 0x00000218f0804550 3304       1       java.lang.invoke.MethodHandleImpl::makePairwiseConvertByEditor (627 bytes)
Event: 3.536 Thread 0x00000218aacc8b60 nmethod 3301 0x00000218a054f610 code [0x00000218a054f800, 0x00000218a054fc28]
Event: 3.536 Thread 0x00000218aacc8b60 3305       1       java.lang.invoke.MethodHandleImpl::computeValueConversions (121 bytes)
Event: 3.536 Thread 0x00000218f0163810 nmethod 3300 0x00000218a054fe10 code [0x00000218a0550040, 0x00000218a0550558]
Event: 3.536 Thread 0x00000218f0163810 3306       1       java.lang.invoke.MethodHandleImpl::countNonNull (42 bytes)
Event: 3.537 Thread 0x00000218f0163810 nmethod 3306 0x00000218a0550890 code [0x00000218a0550a20, 0x00000218a0550b38]
Event: 3.537 Thread 0x00000218f0163810 3302       1       java.lang.invoke.MethodHandleImpl::makePairwiseConvert (8 bytes)
Event: 3.537 Thread 0x00000218f0163810 nmethod 3302 0x00000218a0550c10 code [0x00000218a0550da0, 0x00000218a0550e88]
Event: 3.537 Thread 0x00000218f0163810 3303       1       java.lang.invoke.MethodHandleImpl::makePairwiseConvert (22 bytes)
Event: 3.537 Thread 0x00000218aacc8b60 nmethod 3305 0x00000218a0550f90 code [0x00000218a0551160, 0x00000218a0551558]
Event: 3.537 Thread 0x00000218f0163810 nmethod 3303 0x00000218a0551810 code [0x00000218a05519a0, 0x00000218a0551aa8]
Event: 3.541 Thread 0x00000218f0804550 nmethod 3304 0x00000218a0551b90 code [0x00000218a05520a0, 0x00000218a0553d38]
Event: 3.547 Thread 0x00000218f0804550 3307       1       java.util.Spliterators$ArraySpliterator::<init> (33 bytes)
Event: 3.547 Thread 0x00000218aacc8b60 3308       1       java.util.stream.Node::getChildCount (2 bytes)
Event: 3.547 Thread 0x00000218aacc8b60 nmethod 3308 0x00000218a0555490 code [0x00000218a0555620, 0x00000218a05556f8]
Event: 3.547 Thread 0x00000218f0804550 nmethod 3307 0x00000218a0555790 code [0x00000218a0555920, 0x00000218a0555a38]
Event: 3.553 Thread 0x00000218f0804550 3309       1       java.util.ArrayList::toArray (12 bytes)
Event: 3.554 Thread 0x00000218f0804550 nmethod 3309 0x00000218a0555a90 code [0x00000218a0555c20, 0x00000218a0555d28]
Event: 3.554 Thread 0x00000218f0804550 3310       1       org.springframework.core.annotation.AnnotationAttributes::fromMap (29 bytes)
Event: 3.555 Thread 0x00000218f0804550 nmethod 3310 0x00000218a0555e10 code [0x00000218a0555fc0, 0x00000218a05562a8]

GC Heap History (13 events):
Event: 1.032 GC heap before
{Heap before GC invocations=0 (full 0):
 garbage-first heap   total 131072K, used 25600K [0x0000000081c00000, 0x0000000100000000)
  region size 1024K, 23 young (23552K), 0 survivors (0K)
 Metaspace       used 6355K, committed 6528K, reserved 1114112K
  class space    used 799K, committed 896K, reserved 1048576K
}
Event: 1.040 GC heap after
{Heap after GC invocations=1 (full 0):
 garbage-first heap   total 131072K, used 9978K [0x0000000081c00000, 0x0000000100000000)
  region size 1024K, 3 young (3072K), 3 survivors (3072K)
 Metaspace       used 6355K, committed 6528K, reserved 1114112K
  class space    used 799K, committed 896K, reserved 1048576K
}
Event: 1.751 GC heap before
{Heap before GC invocations=1 (full 0):
 garbage-first heap   total 131072K, used 29434K [0x0000000081c00000, 0x0000000100000000)
  region size 1024K, 22 young (22528K), 3 survivors (3072K)
 Metaspace       used 10842K, committed 11136K, reserved 1114112K
  class space    used 1472K, committed 1600K, reserved 1048576K
}
Event: 1.758 GC heap after
{Heap after GC invocations=2 (full 0):
 garbage-first heap   total 131072K, used 12025K [0x0000000081c00000, 0x0000000100000000)
  region size 1024K, 2 young (2048K), 2 survivors (2048K)
 Metaspace       used 10842K, committed 11136K, reserved 1114112K
  class space    used 1472K, committed 1600K, reserved 1048576K
}
Event: 2.486 GC heap before
{Heap before GC invocations=2 (full 0):
 garbage-first heap   total 131072K, used 62201K [0x0000000081c00000, 0x0000000100000000)
  region size 1024K, 51 young (52224K), 2 survivors (2048K)
 Metaspace       used 20881K, committed 21184K, reserved 1114112K
  class space    used 2801K, committed 2944K, reserved 1048576K
}
Event: 2.490 GC heap after
{Heap after GC invocations=3 (full 0):
 garbage-first heap   total 131072K, used 14745K [0x0000000081c00000, 0x0000000100000000)
  region size 1024K, 5 young (5120K), 5 survivors (5120K)
 Metaspace       used 20881K, committed 21184K, reserved 1114112K
  class space    used 2801K, committed 2944K, reserved 1048576K
}
Event: 2.515 GC heap before
{Heap before GC invocations=3 (full 0):
 garbage-first heap   total 131072K, used 17817K [0x0000000081c00000, 0x0000000100000000)
  region size 1024K, 9 young (9216K), 5 survivors (5120K)
 Metaspace       used 21247K, committed 21504K, reserved 1114112K
  class space    used 2893K, committed 3008K, reserved 1048576K
}
Event: 2.519 GC heap after
{Heap after GC invocations=4 (full 0):
 garbage-first heap   total 131072K, used 14958K [0x0000000081c00000, 0x0000000100000000)
  region size 1024K, 5 young (5120K), 5 survivors (5120K)
 Metaspace       used 21247K, committed 21504K, reserved 1114112K
  class space    used 2893K, committed 3008K, reserved 1048576K
}
Event: 2.946 GC heap before
{Heap before GC invocations=5 (full 0):
 garbage-first heap   total 55296K, used 40558K [0x0000000081c00000, 0x0000000100000000)
  region size 1024K, 32 young (32768K), 5 survivors (5120K)
 Metaspace       used 24346K, committed 24640K, reserved 1114112K
  class space    used 3326K, committed 3456K, reserved 1048576K
}
Event: 2.957 GC heap after
{Heap after GC invocations=6 (full 0):
 garbage-first heap   total 55296K, used 17716K [0x0000000081c00000, 0x0000000100000000)
  region size 1024K, 4 young (4096K), 4 survivors (4096K)
 Metaspace       used 24346K, committed 24640K, reserved 1114112K
  class space    used 3326K, committed 3456K, reserved 1048576K
}
Event: 2.975 GC heap before
{Heap before GC invocations=6 (full 0):
 garbage-first heap   total 55296K, used 18740K [0x0000000081c00000, 0x0000000100000000)
  region size 1024K, 5 young (5120K), 4 survivors (4096K)
 Metaspace       used 24383K, committed 24640K, reserved 1114112K
  class space    used 3331K, committed 3456K, reserved 1048576K
}
Event: 2.981 GC heap after
{Heap after GC invocations=7 (full 0):
 garbage-first heap   total 55296K, used 17940K [0x0000000081c00000, 0x0000000100000000)
  region size 1024K, 1 young (1024K), 1 survivors (1024K)
 Metaspace       used 24383K, committed 24640K, reserved 1114112K
  class space    used 3331K, committed 3456K, reserved 1048576K
}
Event: 3.555 GC heap before
{Heap before GC invocations=7 (full 0):
 garbage-first heap   total 55296K, used 38420K [0x0000000081c00000, 0x0000000100000000)
  region size 1024K, 21 young (21504K), 1 survivors (1024K)
 Metaspace       used 25255K, committed 25600K, reserved 1114112K
  class space    used 3478K, committed 3648K, reserved 1048576K
}

Deoptimization events (6 events):
Event: 2.095 Thread 0x0000021896dacdc0 DEOPT PACKING pc=0x00000218a002799c sp=0x0000002d6befe0a0
Event: 2.095 Thread 0x0000021896dacdc0 DEOPT UNPACKING pc=0x000002189fe62b43 sp=0x0000002d6befd568 mode 0
Event: 2.472 Thread 0x0000021896dacdc0 DEOPT PACKING pc=0x00000218a03cf019 sp=0x0000002d6befd460
Event: 2.472 Thread 0x0000021896dacdc0 DEOPT UNPACKING pc=0x000002189fe62b43 sp=0x0000002d6befc940 mode 3
Event: 2.847 Thread 0x0000021896dacdc0 DEOPT PACKING pc=0x00000218a044e0d5 sp=0x0000002d6befd770
Event: 2.847 Thread 0x0000021896dacdc0 DEOPT UNPACKING pc=0x000002189fe62b43 sp=0x0000002d6befcc18 mode 3

Classes unloaded (0 events):
No events

Classes redefined (0 events):
No events

Internal exceptions (20 events):
Event: 2.223 Thread 0x00000218f10cddf0 Exception <a 'java/lang/reflect/InvocationTargetException'{0x0000000087d09438}> (0x0000000087d09438) 
thrown [s\open\src\hotspot\share\runtime\reflection.cpp, line 1121]
Event: 2.280 Thread 0x0000021896dacdc0 Exception <a 'java/lang/NoSuchMethodError'{0x0000000087ba2510}: 'void java.lang.invoke.DirectMethodHandle$Holder.invokeInterface(java.lang.Object, java.lang.Object, java.lang.Object)'> (0x0000000087ba2510) 
thrown [s\open\src\hotspot\share\interpreter\linkResolver.cpp, line 759]
Event: 2.314 Thread 0x0000021896dacdc0 Exception <a 'java/lang/NoSuchMethodError'{0x0000000087847538}: 'java.lang.Object java.lang.invoke.DirectMethodHandle$Holder.invokeVirtual(java.lang.Object, java.lang.Object, java.lang.Object)'> (0x0000000087847538) 
thrown [s\open\src\hotspot\share\interpreter\linkResolver.cpp, line 759]
Event: 2.316 Thread 0x0000021896dacdc0 Exception <a 'java/lang/NoSuchMethodError'{0x0000000087864858}: 'void java.lang.invoke.DirectMethodHandle$Holder.invokeStatic(java.lang.Object, java.lang.Object, int)'> (0x0000000087864858) 
thrown [s\open\src\hotspot\share\interpreter\linkResolver.cpp, line 759]
Event: 2.318 Thread 0x0000021896dacdc0 Exception <a 'java/lang/NoSuchMethodError'{0x000000008787a178}: 'void java.lang.invoke.DirectMethodHandle$Holder.invokeStaticInit(java.lang.Object, java.lang.Object, java.lang.Object)'> (0x000000008787a178) 
thrown [s\open\src\hotspot\share\interpreter\linkResolver.cpp, line 759]
Event: 2.323 Thread 0x0000021896dacdc0 Exception <a 'java/lang/NoSuchMethodError'{0x00000000878ca038}: 'java.lang.Object java.lang.invoke.DirectMethodHandle$Holder.invokeStatic(java.lang.Object, java.lang.Object, long, java.lang.Object)'> (0x00000000878ca038) 
thrown [s\open\src\hotspot\share\interpreter\linkResolver.cpp, line 759]
Event: 2.323 Thread 0x0000021896dacdc0 Exception <a 'java/lang/NoSuchMethodError'{0x00000000878cdad0}: 'java.lang.Object java.lang.invoke.DirectMethodHandle$Holder.invokeStaticInit(java.lang.Object, java.lang.Object, long, java.lang.Object)'> (0x00000000878cdad0) 
thrown [s\open\src\hotspot\share\interpreter\linkResolver.cpp, line 759]
Event: 2.324 Thread 0x0000021896dacdc0 Exception <a 'java/lang/NoSuchMethodError'{0x00000000878d3e00}: 'java.lang.Object java.lang.invoke.DirectMethodHandle$Holder.newInvokeSpecial(java.lang.Object, java.lang.Object, long)'> (0x00000000878d3e00) 
thrown [s\open\src\hotspot\share\interpreter\linkResolver.cpp, line 759]
Event: 2.355 Thread 0x0000021896dacdc0 Exception <a 'java/lang/NoSuchMethodError'{0x0000000087686338}: 'void java.lang.invoke.DirectMethodHandle$Holder.invokeSpecial(java.lang.Object, java.lang.Object, java.lang.Object)'> (0x0000000087686338) 
thrown [s\open\src\hotspot\share\interpreter\linkResolver.cpp, line 759]
Event: 2.362 Thread 0x0000021896dacdc0 Exception <a 'java/lang/IncompatibleClassChangeError'{0x00000000876af578}: Found class java.lang.Object, but interface was expected> (0x00000000876af578) 
thrown [s\open\src\hotspot\share\interpreter\linkResolver.cpp, line 826]
Event: 2.444 Thread 0x0000021896dacdc0 Exception <a 'java/lang/NoSuchMethodError'{0x0000000086d8cfd0}: 'java.lang.Object java.lang.invoke.DirectMethodHandle$Holder.invokeStatic(java.lang.Object, int, java.lang.Object)'> (0x0000000086d8cfd0) 
thrown [s\open\src\hotspot\share\interpreter\linkResolver.cpp, line 759]
Event: 2.603 Thread 0x0000021896dacdc0 Exception <a 'sun/nio/fs/WindowsException'{0x00000000846b2ef0}> (0x00000000846b2ef0) 
thrown [s\open\src\hotspot\share\prims\jni.cpp, line 516]
Event: 2.603 Thread 0x0000021896dacdc0 Exception <a 'java/lang/NoSuchMethodError'{0x00000000846b44c8}: 'int java.lang.invoke.DirectMethodHandle$Holder.invokeSpecial(java.lang.Object, java.lang.Object, java.lang.Object, java.lang.Object, java.lang.Object)'> (0x00000000846b44c8) 
thrown [s\open\src\hotspot\share\interpreter\linkResolver.cpp, line 759]
Event: 2.606 Thread 0x0000021896dacdc0 Exception <a 'java/lang/NoSuchMethodError'{0x00000000846bcfd8}: 'void java.lang.invoke.DirectMethodHandle$Holder.invokeVirtual(java.lang.Object, java.lang.Object)'> (0x00000000846bcfd8) 
thrown [s\open\src\hotspot\share\interpreter\linkResolver.cpp, line 759]
Event: 2.667 Thread 0x00000218f14064e0 Exception <a 'java/lang/NoClassDefFoundError'{0x00000000842e1dd0}: org/apache/tomcat/util/http/Rfc6265CookieProcessor> (0x00000000842e1dd0) 
thrown [s\open\src\hotspot\share\classfile\systemDictionary.cpp, line 245]
Event: 2.705 Thread 0x0000021896dacdc0 Exception <a 'java/lang/NoClassDefFoundError'{0x0000000083e640e8}: org/glassfish/jersey/server/monitoring/ApplicationEventListener> (0x0000000083e640e8) 
thrown [s\open\src\hotspot\share\classfile\systemDictionary.cpp, line 245]
Event: 2.734 Thread 0x00000218f10cddf0 Exception <a 'java/lang/reflect/InvocationTargetException'{0x0000000083b09528}> (0x0000000083b09528) 
thrown [s\open\src\hotspot\share\runtime\reflection.cpp, line 1121]
Event: 2.743 Thread 0x00000218f1652ad0 Exception <a 'java/lang/NoClassDefFoundError'{0x0000000083a35838}: jakarta/servlet/Filter> (0x0000000083a35838) 
thrown [s\open\src\hotspot\share\classfile\systemDictionary.cpp, line 245]
Event: 2.753 Thread 0x0000021896dacdc0 Exception <a 'java/lang/IncompatibleClassChangeError'{0x0000000083ac3b50}: Found class java.lang.Object, but interface was expected> (0x0000000083ac3b50) 
thrown [s\open\src\hotspot\share\interpreter\linkResolver.cpp, line 826]
Event: 3.243 Thread 0x00000218f10cddf0 Exception <a 'java/lang/reflect/InvocationTargetException'{0x00000000849d6dd0}> (0x00000000849d6dd0) 
thrown [s\open\src\hotspot\share\runtime\reflection.cpp, line 1121]

VM Operations (20 events):
Event: 2.490 Executing VM operation: G1CollectForAllocation done
Event: 2.515 Executing VM operation: CollectForMetadataAllocation
Event: 2.519 Executing VM operation: CollectForMetadataAllocation done
Event: 2.527 Executing VM operation: G1Concurrent
Event: 2.529 Executing VM operation: G1Concurrent done
Event: 2.531 Executing VM operation: HandshakeAllThreads
Event: 2.531 Executing VM operation: HandshakeAllThreads done
Event: 2.532 Executing VM operation: G1Concurrent
Event: 2.534 Executing VM operation: G1Concurrent done
Event: 2.582 Executing VM operation: HandshakeAllThreads
Event: 2.582 Executing VM operation: HandshakeAllThreads done
Event: 2.946 Executing VM operation: G1CollectForAllocation
Event: 2.957 Executing VM operation: G1CollectForAllocation done
Event: 2.974 Executing VM operation: G1CollectForAllocation
Event: 2.981 Executing VM operation: G1CollectForAllocation done
Event: 3.371 Executing VM operation: HandshakeAllThreads
Event: 3.371 Executing VM operation: HandshakeAllThreads done
Event: 3.442 Executing VM operation: HandshakeAllThreads
Event: 3.442 Executing VM operation: HandshakeAllThreads done
Event: 3.555 Executing VM operation: G1CollectForAllocation

Events (20 events):
Event: 2.651 loading class sun/reflect/annotation/AnnotatedTypeFactory$AnnotatedParameterizedTypeImpl done
Event: 2.651 loading class sun/reflect/annotation/AnnotatedTypeFactory$AnnotatedWildcardTypeImpl
Event: 2.651 loading class java/lang/reflect/AnnotatedWildcardType
Event: 2.651 loading class java/lang/reflect/AnnotatedWildcardType done
Event: 2.652 loading class sun/reflect/annotation/AnnotatedTypeFactory$AnnotatedWildcardTypeImpl done
Event: 2.668 Thread 0x00000218f14064e0 Thread exited: 0x00000218f14064e0
Event: 2.680 Thread 0x00000218f1652ad0 Thread added: 0x00000218f1652ad0
Event: 2.690 loading class javax/naming/ldap/LdapContext
Event: 2.690 loading class javax/naming/directory/DirContext
Event: 2.690 loading class javax/naming/Context
Event: 2.691 loading class javax/naming/Context done
Event: 2.691 loading class javax/naming/directory/DirContext done
Event: 2.691 loading class javax/naming/ldap/LdapContext done
Event: 2.708 loading class javax/naming/Referenceable
Event: 2.709 loading class javax/naming/Referenceable done
Event: 2.728 Thread 0x00000218f1651790 Thread added: 0x00000218f1651790
Event: 2.736 Thread 0x00000218f1651790 Thread exited: 0x00000218f1651790
Event: 2.744 Thread 0x00000218f1652ad0 Thread exited: 0x00000218f1652ad0
Event: 3.239 Thread 0x00000218f16547b0 Thread added: 0x00000218f16547b0
Event: 3.244 Thread 0x00000218f16547b0 Thread exited: 0x00000218f16547b0


Dynamic libraries:
0x00007ff7c38c0000 - 0x00007ff7c38d0000 	C:\Program Files\Java\jdk-17\bin\java.exe
0x00007ff8b37f0000 - 0x00007ff8b39e8000 	C:\Windows\SYSTEM32\ntdll.dll
0x00007ff8b2a10000 - 0x00007ff8b2acd000 	C:\Windows\System32\KERNEL32.DLL
0x00007ff8b1390000 - 0x00007ff8b165e000 	C:\Windows\System32\KERNELBASE.dll
0x00007ff8b0f80000 - 0x00007ff8b1080000 	C:\Windows\System32\ucrtbase.dll
0x00007ff89c020000 - 0x00007ff89c039000 	C:\Program Files\Java\jdk-17\bin\jli.dll
0x00007ff89bd50000 - 0x00007ff89bd6b000 	C:\Program Files\Java\jdk-17\bin\VCRUNTIME140.dll
0x00007ff8b1f10000 - 0x00007ff8b1fbe000 	C:\Windows\System32\ADVAPI32.dll
0x00007ff8b1cc0000 - 0x00007ff8b1d5e000 	C:\Windows\System32\msvcrt.dll
0x00007ff8b2970000 - 0x00007ff8b2a0c000 	C:\Windows\System32\sechost.dll
0x00007ff8b3550000 - 0x00007ff8b3675000 	C:\Windows\System32\RPCRT4.dll
0x00007ff8b2410000 - 0x00007ff8b25b0000 	C:\Windows\System32\USER32.dll
0x00007ff8b0320000 - 0x00007ff8b05ba000 	C:\Windows\WinSxS\amd64_microsoft.windows.common-controls_6595b64144ccf1df_6.0.19041.1110_none_60b5254171f9507e\COMCTL32.dll
0x00007ff8b1360000 - 0x00007ff8b1382000 	C:\Windows\System32\win32u.dll
0x00007ff8b23e0000 - 0x00007ff8b240a000 	C:\Windows\System32\GDI32.dll
0x00007ff8b1660000 - 0x00007ff8b176b000 	C:\Windows\System32\gdi32full.dll
0x00007ff8b1160000 - 0x00007ff8b11fd000 	C:\Windows\System32\msvcp_win.dll
0x00007ff8aa290000 - 0x00007ff8aa29a000 	C:\Windows\SYSTEM32\VERSION.dll
0x00007ff8b2d10000 - 0x00007ff8b2d40000 	C:\Windows\System32\IMM32.DLL
0x00007ff89cb90000 - 0x00007ff89cb9c000 	C:\Program Files\Java\jdk-17\bin\vcruntime140_1.dll
0x00007ff876d30000 - 0x00007ff876dbe000 	C:\Program Files\Java\jdk-17\bin\msvcp140.dll
0x00007fffc1f20000 - 0x00007fffc2afe000 	C:\Program Files\Java\jdk-17\bin\server\jvm.dll
0x00007ff8b2320000 - 0x00007ff8b2328000 	C:\Windows\System32\PSAPI.DLL
0x00007ff899530000 - 0x00007ff899557000 	C:\Windows\SYSTEM32\WINMM.dll
0x00007ff8aa0c0000 - 0x00007ff8aa0c9000 	C:\Windows\SYSTEM32\WSOCK32.dll
0x00007ff8b2b40000 - 0x00007ff8b2bab000 	C:\Windows\System32\WS2_32.dll
0x00007ff8af0f0000 - 0x00007ff8af102000 	C:\Windows\SYSTEM32\kernel.appcore.dll
0x00007ff89c880000 - 0x00007ff89c88a000 	C:\Program Files\Java\jdk-17\bin\jimage.dll
0x00007ff8b0990000 - 0x00007ff8b0b74000 	C:\Windows\SYSTEM32\DBGHELP.DLL
0x00007ff8b0890000 - 0x00007ff8b08bc000 	C:\Windows\SYSTEM32\dbgcore.DLL
0x00007ff8b1080000 - 0x00007ff8b1102000 	C:\Windows\System32\bcryptPrimitives.dll
0x00007ff896f60000 - 0x00007ff896f6e000 	C:\Program Files\Java\jdk-17\bin\instrument.dll
0x00007ff893d90000 - 0x00007ff893db5000 	C:\Program Files\Java\jdk-17\bin\java.dll
0x00007ff872be0000 - 0x00007ff872cb7000 	C:\Program Files\Java\jdk-17\bin\jsvml.dll
0x00007ff8b2d40000 - 0x00007ff8b3483000 	C:\Windows\System32\SHELL32.dll
0x00007ff8ae950000 - 0x00007ff8af0e5000 	C:\Windows\SYSTEM32\windows.storage.dll
0x00007ff8b1fc0000 - 0x00007ff8b2314000 	C:\Windows\System32\combase.dll
0x00007ff8b01a0000 - 0x00007ff8b01d0000 	C:\Windows\SYSTEM32\Wldp.dll
0x00007ff8b28c0000 - 0x00007ff8b296d000 	C:\Windows\System32\SHCORE.dll
0x00007ff8b2ad0000 - 0x00007ff8b2b25000 	C:\Windows\System32\shlwapi.dll
0x00007ff8b0e50000 - 0x00007ff8b0e6f000 	C:\Windows\SYSTEM32\profapi.dll
0x00007ff8939c0000 - 0x00007ff8939d8000 	C:\Program Files\Java\jdk-17\bin\zip.dll
0x00007ff89b210000 - 0x00007ff89b229000 	C:\Program Files\Java\jdk-17\bin\net.dll
0x00007ff8a8990000 - 0x00007ff8a8a9a000 	C:\Windows\SYSTEM32\WINHTTP.dll
0x00007ff8aff80000 - 0x00007ff8affea000 	C:\Windows\system32\mswsock.dll
0x00007ff8943f0000 - 0x00007ff894406000 	C:\Program Files\Java\jdk-17\bin\nio.dll
0x00007ff8929a0000 - 0x00007ff8929ba000 	C:\Program Files\JetBrains\IntelliJ IDEA 2023.3.3\bin\breakgen64.dll
0x00007ff8afcd0000 - 0x00007ff8afd9a000 	C:\Windows\SYSTEM32\DNSAPI.dll
0x00007ff8afc90000 - 0x00007ff8afccb000 	C:\Windows\SYSTEM32\IPHLPAPI.DLL
0x00007ff8b2b30000 - 0x00007ff8b2b38000 	C:\Windows\System32\NSI.dll
0x00007ff89f2d0000 - 0x00007ff89f2da000 	C:\Windows\System32\rasadhlp.dll
0x00007ff8a82d0000 - 0x00007ff8a8350000 	C:\Windows\System32\fwpuclnt.dll
0x00007ff8b1770000 - 0x00007ff8b1797000 	C:\Windows\System32\bcrypt.dll
0x00007ff89b1e0000 - 0x00007ff89b1ea000 	C:\Program Files\Java\jdk-17\bin\management.dll
0x00007ff89a660000 - 0x00007ff89a66b000 	C:\Program Files\Java\jdk-17\bin\management_ext.dll
0x00007ff8b0ca0000 - 0x00007ff8b0cb8000 	C:\Windows\SYSTEM32\CRYPTSP.dll
0x00007ff8af940000 - 0x00007ff8af974000 	C:\Windows\system32\rsaenh.dll
0x00007ff8b0dd0000 - 0x00007ff8b0dfe000 	C:\Windows\SYSTEM32\USERENV.dll
0x00007ff8b0110000 - 0x00007ff8b011c000 	C:\Windows\SYSTEM32\CRYPTBASE.dll
0x00007ff8a9f10000 - 0x00007ff8a9f27000 	C:\Windows\SYSTEM32\dhcpcsvc6.DLL
0x00007ff8a9ed0000 - 0x00007ff8a9eed000 	C:\Windows\SYSTEM32\dhcpcsvc.DLL
0x00007ff88c540000 - 0x00007ff88c557000 	C:\Windows\system32\napinsp.dll
0x00007ff893a30000 - 0x00007ff893a4b000 	C:\Windows\system32\pnrpnsp.dll
0x00007ff8ab8d0000 - 0x00007ff8ab8e5000 	C:\Windows\system32\wshbth.dll
0x00007ff8ac500000 - 0x00007ff8ac51d000 	C:\Windows\system32\NLAapi.dll
0x00007ff88cfa0000 - 0x00007ff88cfb2000 	C:\Windows\System32\winrnr.dll

dbghelp: loaded successfully - version: 4.0.5 - missing functions: none
symbol engine: initialized successfully - sym options: 0x614 - pdb path: .;C:\Program Files\Java\jdk-17\bin;C:\Windows\SYSTEM32;C:\Windows\WinSxS\amd64_microsoft.windows.common-controls_6595b64144ccf1df_6.0.19041.1110_none_60b5254171f9507e;C:\Program Files\Java\jdk-17\bin\server;C:\Program Files\JetBrains\IntelliJ IDEA 2023.3.3\bin

VM Arguments:
jvm_args: -XX:TieredStopAtLevel=1 -Dspring.output.ansi.enabled=always -Dcom.sun.management.jmxremote -Dspring.jmx.enabled=true -Dspring.liveBeansView.mbeanDomain -Dspring.application.admin.enabled=true -Dmanagement.endpoints.jmx.exposure.include=* -javaagent:C:\Program Files\JetBrains\IntelliJ IDEA 2023.3.3\lib\idea_rt.jar=51946:C:\Program Files\JetBrains\IntelliJ IDEA 2023.3.3\bin -Dfile.encoding=UTF-8 
java_command: org.dolymy.gateway.GatewayApplication
java_class_path (initial): D:\Pidev-New\SwiftHub\Back\Gateway\target\classes;C:\Users\ASUS\.m2\repository\org\springframework\boot\spring-boot-starter-actuator\3.2.4\spring-boot-starter-actuator-3.2.4.jar;C:\Users\ASUS\.m2\repository\org\springframework\boot\spring-boot-starter\3.2.4\spring-boot-starter-3.2.4.jar;C:\Users\ASUS\.m2\repository\org\springframework\boot\spring-boot\3.2.4\spring-boot-3.2.4.jar;C:\Users\ASUS\.m2\repository\org\springframework\spring-context\6.1.5\spring-context-6.1.5.jar;C:\Users\ASUS\.m2\repository\org\springframework\spring-aop\6.1.5\spring-aop-6.1.5.jar;C:\Users\ASUS\.m2\repository\org\springframework\spring-expression\6.1.5\spring-expression-6.1.5.jar;C:\Users\ASUS\.m2\repository\org\springframework\boot\spring-boot-autoconfigure\3.2.4\spring-boot-autoconfigure-3.2.4.jar;C:\Users\ASUS\.m2\repository\org\springframework\boot\spring-boot-starter-logging\3.2.4\spring-boot-starter-logging-3.2.4.jar;C:\Users\ASUS\.m2\repository\ch\qos\logback\logback-classic\1.4.14\logback-classic-1.4.14.jar;C:\Users\ASUS\.m2\repository\ch\qos\logback\logback-core\1.4.14\logback-core-1.4.14.jar;C:\Users\ASUS\.m2\repository\org\apache\logging\log4j\log4j-to-slf4j\2.21.1\log4j-to-slf4j-2.21.1.jar;C:\Users\ASUS\.m2\repository\org\apache\logging\log4j\log4j-api\2.21.1\log4j-api-2.21.1.jar;C:\Users\ASUS\.m2\repository\org\slf4j\jul-to-slf4j\2.0.12\jul-to-slf4j-2.0.12.jar;C:\Users\ASUS\.m2\repository\jakarta\annotation\jakarta.annotation-api\2.1.1\jakarta.annotation-api-2.1.1.jar;C:\Users\ASUS\.m2\repository\org\yaml\snakeyaml\2.2\snakeyaml-2.2.jar;C:\Users\ASUS\.m2\repository\org\springframework\boot\spring-boot-actuator-autoconfigure\3.2.4\spring-boot-actuator-autoconfigure-3.2.4.jar;C:\Users\ASUS\.m2\repository\org\springframework\boot\spring-boot-actuator\3.2.4\spring-boot-actuator-3.2.4.jar;C:\Users\ASUS\.m2\repository\com\fasterxml\jackson\datatype\jackson-datatype-jsr310\2.15.4\jackson-datatype-jsr310-2.15.4.jar;C:\Users\ASUS\.m2\repository\io\micromete
Launcher Type: SUN_STANDARD

[Global flags]
     intx CICompilerCount                          = 4                                         {product} {ergonomic}
     uint ConcGCThreads                            = 2                                         {product} {ergonomic}
     uint G1ConcRefinementThreads                  = 8                                         {product} {ergonomic}
   size_t G1HeapRegionSize                         = 1048576                                   {product} {ergonomic}
    uintx GCDrainStackTargetSize                   = 64                                        {product} {ergonomic}
   size_t InitialHeapSize                          = 134217728                                 {product} {ergonomic}
     bool ManagementServer                         = true                                      {product} {command line}
   size_t MarkStackSize                            = 4194304                                   {product} {ergonomic}
   size_t MaxHeapSize                              = 2118123520                                {product} {ergonomic}
   size_t MaxNewSize                               = 1270874112                                {product} {ergonomic}
   size_t MinHeapDeltaBytes                        = 1048576                                   {product} {ergonomic}
   size_t MinHeapSize                              = 8388608                                   {product} {ergonomic}
    uintx NonProfiledCodeHeapSize                  = 0                                      {pd product} {ergonomic}
     bool ProfileInterpreter                       = false                                  {pd product} {command line}
    uintx ProfiledCodeHeapSize                     = 0                                      {pd product} {ergonomic}
   size_t SoftMaxHeapSize                          = 2118123520                             {manageable} {ergonomic}
     intx TieredStopAtLevel                        = 1                                         {product} {command line}
     bool UseCompressedClassPointers               = true                           {product lp64_product} {ergonomic}
     bool UseCompressedOops                        = true                           {product lp64_product} {ergonomic}
     bool UseG1GC                                  = true                                      {product} {ergonomic}
     bool UseLargePagesIndividualAllocation        = false                                  {pd product} {ergonomic}

Logging:
Log output configuration:
 #0: stdout all=warning uptime,level,tags
 #1: stderr all=off uptime,level,tags

Environment Variables:
PATH=C:\Program Files\Common Files\Oracle\Java\javapath;C:\Program Files (x86)\VMware\VMware Workstation\bin\;C:\Python311\Scripts\;C:\Python311\;C:\Program Files (x86)\Common Files\Oracle\Java\javapath;C:\Windows\system32;C:\Windows;C:\Windows\System32\Wbem;C:\Windows\System32\WindowsPowerShell\v1.0\;C:\Windows\System32\OpenSSH\;C:\Program Files (x86)\NVIDIA Corporation\PhysX\Common;C:\Program Files\NVIDIA Corporation\NVIDIA NvDLISR;C:\Program Files\Git\cmd;C:\ProgramData\chocolatey\bin;C:\Program Files\nodejs\;C:\Program Files\Microsoft SQL Server\150\Tools\Binn\;C:\Program Files\Microsoft SQL Server\Client SDK\ODBC\170\Tools\Binn\;C:\Program Files\dotnet\;C:\Program Files\Docker\Docker\resources\bin;C:\Users\ASUS\AppData\Local\Microsoft\WindowsApps;;C:\Users\ASUS\AppData\Roaming\npm;C:\Users\ASUS\.dotnet\tools;C:\Program Files\JetBrains\IntelliJ IDEA 2023.3.3\bin;;D:\vscode\Microsoft VS Code\bin
USERNAME=ASUS
OS=Windows_NT
PROCESSOR_IDENTIFIER=Intel64 Family 6 Model 142 Stepping 10, GenuineIntel



---------------  S Y S T E M  ---------------

OS:
 Windows 10 , 64 bit Build 19041 (10.0.19041.1889)
OS uptime: 2 days 5:31 hours
Hyper-V role detected

CPU: total 8 (initial active 8) (4 cores per cpu, 2 threads per core) family 6 model 142 stepping 10 microcode 0xb4, cx8, cmov, fxsr, ht, mmx, 3dnowpref, sse, sse2, sse3, ssse3, sse4.1, sse4.2, popcnt, lzcnt, tsc, tscinvbit, avx, avx2, aes, erms, clmul, bmi1, bmi2, adx, fma, vzeroupper, clflush, clflushopt, hv

Memory: 4k page, system-wide physical 8074M (344M free)
TotalPageFile size 20933M (AvailPageFile size 36M)
current process WorkingSet (physical memory assigned to process): 135M, peak: 138M
current process commit charge ("private bytes"): 179M, peak: 248M

vm_info: Java HotSpot(TM) 64-Bit Server VM (17.0.8+9-LTS-211) for windows-amd64 JRE (17.0.8+9-LTS-211), built on Jun 14 2023 10:34:31 by "mach5one" with MS VC++ 17.1 (VS2022)

END.
